<?xml version="1.0" encoding="UTF-8"?>
<testsuite xmlns:xsi="http://www.w3.org/2001/XMLSchema-instance" xsi:noNamespaceSchemaLocation="https://maven.apache.org/surefire/maven-surefire-plugin/xsd/surefire-test-report.xsd" name="com.ziyu.admin.WetechAdminApplicationTests" time="19.106" tests="2" errors="0" skipped="0" failures="0">
  <properties>
[...]
</properties>
  <testcase name="test" classname="com.ziyu.admin.WetechAdminApplicationTests" time="1.796"/>
  <testcase name="contextLoads" classname="com.ziyu.admin.WetechAdminApplicationTests" time="0.006"/>
</testsuite>